<ns0:test-suite xmlns:ns0="urn:model.allure.qatools.yandex.ru" start="1546786153668" stop="1546786153725">
  <name>allure_test</name>
  <labels/>
  <test-cases>
    <test-case start="1546786153668" status="failed" stop="1546786153724">
      <description>
    用例描述：Test case 01
    </description>
      <name>test_case_01</name>
      <failure>
        <message>AssertionError: assert 0</message>
        <stack-trace>@allure.feature('test_module_01')
    @allure.story('test_story_01')
    def test_case_01():
        """
        用例描述：Test case 01
        """
&gt;       assert 0
E       assert 0

suites/allure_test.py:15: AssertionError</stack-trace>
      </failure>
      <attachments/>
      <labels>
        <label name="story" value="test_story_01"/>
        <label name="feature" value="test_module_01"/>
        <label name="severity" value="normal"/>
        <label name="thread" value="6085-MainThread"/>
        <label name="host" value="zytdeMacBook-Pro.local"/>
        <label name="framework" value="pytest"/>
        <label name="language" value="cpython3"/>
      </labels>
      <steps/>
    </test-case>
    <test-case start="1546786153725" status="passed" stop="1546786153725">
      <description>
    用例描述：Test case 02
    </description>
      <name>test_case_02</name>
      <attachments/>
      <labels>
        <label name="story" value="test_story_02"/>
        <label name="feature" value="test_module_01"/>
        <label name="severity" value="normal"/>
        <label name="thread" value="6085-MainThread"/>
        <label name="host" value="zytdeMacBook-Pro.local"/>
        <label name="framework" value="pytest"/>
        <label name="language" value="cpython3"/>
      </labels>
      <steps/>
    </test-case>
  </test-cases>
</ns0:test-suite>
